生成启动时间为 2019/7/18 0:09:21。
     1>项目“D:\Code\duilib\DuiLib\DuiLib.vcxproj”在节点 2 上(Build 个目标)。
     1>ClCompile:
         C:\Program Files (x86)\Microsoft Visual Studio 14.0\VC\bin\CL.exe /c /Zi /nologo /W3 /WX- /Od /Oy- /D WIN32 /D _DEBUG /D _WINDOWS /D UILIB_EXPORTS /D _VC80_UPGRADE=0x0600 /D _USING_V110_SDK71_ /D _WINDLL /D _UNICODE /D UNICODE /Gm /EHsc /RTC1 /MTd /GS /fp:precise /Zc:wchar_t /Zc:forScope /Zc:inline /Yc"stdafx.h" /Fp".\Build\Debug_u/DuiLib.pch" /Fo".\Build\Debug_u\\" /Fd".\Build\Debug_u\vc140.pdb" /Gd /TP /analyze- /errorReport:prompt StdAfx.cpp
         StdAfx.cpp
     1>d:\code\duilib\duilib\Core/UIManager.h(45): warning C4091: “typedef ”: 没有声明变量时忽略“DuiLib::EVENTTYPE_UI”的左侧
         C:\Program Files (x86)\Microsoft Visual Studio 14.0\VC\bin\CL.exe /c /Zi /nologo /W3 /WX- /Od /Oy- /D WIN32 /D _DEBUG /D _WINDOWS /D UILIB_EXPORTS /D _VC80_UPGRADE=0x0600 /D _USING_V110_SDK71_ /D _WINDLL /D _UNICODE /D UNICODE /Gm /EHsc /RTC1 /MTd /GS /fp:precise /Zc:wchar_t /Zc:forScope /Zc:inline /Yu"stdafx.h" /Fp".\Build\Debug_u/DuiLib.pch" /Fo".\Build\Debug_u\\" /Fd".\Build\Debug_u\vc140.pdb" /Gd /TP /analyze- /errorReport:prompt Control\UITreeView.cpp UIlib.cpp Utils\WinImplBase.cpp Utils\UIDelegate.cpp Utils\Utils.cpp Utils\WndShadow.cpp Core\UIBase.cpp Core\UIContainer.cpp Core\UIControl.cpp Core\UIDlgBuilder.cpp Core\UIManager.cpp Core\UIMarkup.cpp Core\UIRender.cpp Layout\UIChildLayout.cpp Layout\UIHorizontalLayout.cpp Layout\UITabLayout.cpp Layout\UITileLayout.cpp Layout\UIVerticalLayout.cpp Control\UIActiveX.cpp Control\UIButton.cpp Control\UICheckBox.cpp Control\UICombo.cpp Control\UIDateTime.cpp Control\UIEdit.cpp Control\UIGifAnim.cpp Control\UILabel.cpp Control\UIList.cpp Control\UIOption.cpp Control\UIProgress.cpp Control\UIRichEdit.cpp Control\UIScrollBar.cpp Control\UISlider.cpp Control\UIText.cpp Control\UIWebBrowser.cpp
         UIWebBrowser.cpp
         UIText.cpp
     1>Control\UIText.cpp(52): warning C4302: “类型转换”: 从“LPWSTR”到“WORD”截断
         UISlider.cpp
     1>Control\UISlider.cpp(212): warning C4302: “类型转换”: 从“LPWSTR”到“WORD”截断
         UIScrollBar.cpp
         UIRichEdit.cpp
         UIProgress.cpp
         UIOption.cpp
         UIList.cpp
     1>Control\UIList.cpp(1781): warning C4302: “类型转换”: 从“LPWSTR”到“WORD”截断
     1>Control\UIList.cpp(2417): warning C4302: “类型转换”: 从“LPWSTR”到“WORD”截断
         UILabel.cpp
         UIGifAnim.cpp
     1>Control\UIGifAnim.cpp : warning C4819: 该文件包含不能在当前代码页(936)中表示的字符。请将该文件保存为 Unicode 格式以防止数据丢失
         UIEdit.cpp
     1>Control\UIEdit.cpp(288): warning C4302: “类型转换”: 从“LPWSTR”到“WORD”截断
         UIDateTime.cpp
     1>Control\UIDateTime.cpp(297): warning C4302: “类型转换”: 从“LPWSTR”到“WORD”截断
         UICombo.cpp
         UICheckBox.cpp
         UIButton.cpp
     1>Control\UIButton.cpp(127): warning C4302: “类型转换”: 从“LPWSTR”到“WORD”截断
         UIActiveX.cpp
         UIVerticalLayout.cpp
     1>Layout\UIVerticalLayout.cpp(306): warning C4302: “类型转换”: 从“LPWSTR”到“WORD”截断
         UITileLayout.cpp
         UITabLayout.cpp
         UIHorizontalLayout.cpp
     1>Layout\UIHorizontalLayout.cpp(313): warning C4302: “类型转换”: 从“LPWSTR”到“WORD”截断
         正在生成代码...
         正在编译...
         UIChildLayout.cpp
         UIRender.cpp
     1>Core\UIRender.cpp(1198): warning C4838: 从“int”转换到“COLOR16”需要收缩转换
         UIMarkup.cpp
         UIManager.cpp
     1>Core\UIManager.cpp(1045): warning C4838: 从“DWORD”转换到“LONG”需要收缩转换
         UIDlgBuilder.cpp
         UIControl.cpp
     1>Core\UIControl.cpp(832): warning C4302: “类型转换”: 从“LPWSTR”到“WORD”截断
         UIContainer.cpp
         UIBase.cpp
         WndShadow.cpp
         Utils.cpp
         UIDelegate.cpp
         WinImplBase.cpp
         UIlib.cpp
         UITreeView.cpp
         正在生成代码...
         C:\Program Files (x86)\Microsoft Visual Studio 14.0\VC\bin\CL.exe /c /Zi /nologo /W3 /WX- /Od /Oy- /D WIN32 /D _DEBUG /D _WINDOWS /D UILIB_EXPORTS /D _VC80_UPGRADE=0x0600 /D _USING_V110_SDK71_ /D _WINDLL /D _UNICODE /D UNICODE /Gm /EHsc /RTC1 /MTd /GS /fp:precise /Zc:wchar_t /Zc:forScope /Zc:inline /Fo".\Build\Debug_u\\" /Fd".\Build\Debug_u\vc140.pdb" /Gd /TC /analyze- /errorReport:prompt Utils\stb_image.c
         stb_image.c
         C:\Program Files (x86)\Microsoft Visual Studio 14.0\VC\bin\CL.exe /c /Zi /nologo /W3 /WX- /Od /Oy- /D WIN32 /D _DEBUG /D _WINDOWS /D UILIB_EXPORTS /D _VC80_UPGRADE=0x0600 /D _USING_V110_SDK71_ /D _WINDLL /D _UNICODE /D UNICODE /Gm /EHsc /RTC1 /MTd /GS /fp:precise /Zc:wchar_t /Zc:forScope /Zc:inline /Fo".\Build\Debug_u\\" /Fd".\Build\Debug_u\vc140.pdb" /Gd /TP /analyze- /errorReport:prompt Utils\XUnzip.cpp
         XUnzip.cpp
     1>C:\Program Files (x86)\MSBuild\Microsoft.Cpp\v4.0\V140\Microsoft.CppBuild.targets(1189,5): warning MSB8012: TargetPath(D:\Code\duilib\DuiLib\.\Build\Debug_u\DuiLib.dll) does not match the Linker's OutputFile property value (D:\Code\duilib\bin\DuiLib_ud.dll). This may cause your project to build incorrectly. To correct this, please make sure that $(OutDir), $(TargetName) and $(TargetExt) property values match the value specified in %(Link.OutputFile).
     1>C:\Program Files (x86)\MSBuild\Microsoft.Cpp\v4.0\V140\Microsoft.CppBuild.targets(1191,5): warning MSB8012: TargetName(DuiLib) does not match the Linker's OutputFile property value (DuiLib_ud). This may cause your project to build incorrectly. To correct this, please make sure that $(OutDir), $(TargetName) and $(TargetExt) property values match the value specified in %(Link.OutputFile).
     1>C:\Program Files (x86)\MSBuild\Microsoft.Cpp\v4.0\V140\Microsoft.CppBuild.targets(1193,5): warning MSB8030: The linker switch "Minimum Required Version" requires "SubSystem" to be set.  Without "SubSystem", the "Minimum Required Version" would not be passed to linker and could prevent to the output binary from running on older Operating Systems.
       Link:
         C:\Program Files (x86)\Microsoft Visual Studio 14.0\VC\bin\link.exe /ERRORREPORT:PROMPT /OUT:"../bin/DuiLib_ud.dll" /INCREMENTAL:NO /NOLOGO kernel32.lib user32.lib gdi32.lib winspool.lib comdlg32.lib advapi32.lib shell32.lib ole32.lib oleaut32.lib uuid.lib odbc32.lib odbccp32.lib /MANIFEST:NO /Debug /PDB:".\Build\Debug_u\DuiLib.pdb" /TLBID:1 /BASE:"0x11000000" /DYNAMICBASE /NXCOMPAT /IMPLIB:"../Lib/DuiLib_ud.lib" /MACHINE:X86 /SAFESEH /DLL .\Build\Debug_u\UITreeView.obj
         .\Build\Debug_u\StdAfx.obj
         .\Build\Debug_u\UIlib.obj
         .\Build\Debug_u\WinImplBase.obj
         .\Build\Debug_u\stb_image.obj
         .\Build\Debug_u\UIDelegate.obj
         .\Build\Debug_u\Utils.obj
         .\Build\Debug_u\WndShadow.obj
         .\Build\Debug_u\XUnzip.obj
         .\Build\Debug_u\UIBase.obj
         .\Build\Debug_u\UIContainer.obj
         .\Build\Debug_u\UIControl.obj
         .\Build\Debug_u\UIDlgBuilder.obj
         .\Build\Debug_u\UIManager.obj
         .\Build\Debug_u\UIMarkup.obj
         .\Build\Debug_u\UIRender.obj
         .\Build\Debug_u\UIChildLayout.obj
         .\Build\Debug_u\UIHorizontalLayout.obj
         .\Build\Debug_u\UITabLayout.obj
         .\Build\Debug_u\UITileLayout.obj
         .\Build\Debug_u\UIVerticalLayout.obj
         .\Build\Debug_u\UIActiveX.obj
         .\Build\Debug_u\UIButton.obj
         .\Build\Debug_u\UICheckBox.obj
         .\Build\Debug_u\UICombo.obj
         .\Build\Debug_u\UIDateTime.obj
         .\Build\Debug_u\UIEdit.obj
         .\Build\Debug_u\UIGifAnim.obj
         .\Build\Debug_u\UILabel.obj
         .\Build\Debug_u\UIList.obj
         .\Build\Debug_u\UIOption.obj
         .\Build\Debug_u\UIProgress.obj
         .\Build\Debug_u\UIRichEdit.obj
         .\Build\Debug_u\UIScrollBar.obj
         .\Build\Debug_u\UISlider.obj
         .\Build\Debug_u\UIText.obj
         .\Build\Debug_u\UIWebBrowser.obj
           正在创建库 ../Lib/DuiLib_ud.lib 和对象 ../Lib/DuiLib_ud.exp
         DuiLib.vcxproj -> D:\Code\duilib\DuiLib\.\Build\Debug_u\DuiLib.dll
     1>已完成生成项目“D:\Code\duilib\DuiLib\DuiLib.vcxproj”(Build 个目标)的操作。

已成功生成。

已用时间 00:00:12.77
